2017-07-06T14:34:48.204+0800 I CONTROL  [initandlisten] MongoDB starting : pid=6312 port=27017 dbpath=D:\myWork\dva\RESTful-blog-server-demo\data 64-bit host=yijufang
2017-07-06T14:34:48.205+0800 I CONTROL  [initandlisten] targetMinOS: Windows 7/Windows Server 2008 R2
2017-07-06T14:34:48.205+0800 I CONTROL  [initandlisten] db version v3.4.5
2017-07-06T14:34:48.205+0800 I CONTROL  [initandlisten] git version: 520b8f3092c48d934f0cd78ab5f40fe594f96863
2017-07-06T14:34:48.205+0800 I CONTROL  [initandlisten] OpenSSL version: OpenSSL 1.0.1u-fips  22 Sep 2016
2017-07-06T14:34:48.205+0800 I CONTROL  [initandlisten] allocator: tcmalloc
2017-07-06T14:34:48.205+0800 I CONTROL  [initandlisten] modules: none
2017-07-06T14:34:48.205+0800 I CONTROL  [initandlisten] build environment:
2017-07-06T14:34:48.205+0800 I CONTROL  [initandlisten]     distmod: 2008plus-ssl
2017-07-06T14:34:48.205+0800 I CONTROL  [initandlisten]     distarch: x86_64
2017-07-06T14:34:48.205+0800 I CONTROL  [initandlisten]     target_arch: x86_64
2017-07-06T14:34:48.205+0800 I CONTROL  [initandlisten] options: { storage: { dbPath: "D:\myWork\dva\RESTful-blog-server-demo\data" }, systemLog: { destination: "file", path: "D:\myWork\dva\RESTful-blog-server-demo\log\mongo.log" } }
2017-07-06T14:34:48.206+0800 I -        [initandlisten] Detected data files in D:\myWork\dva\RESTful-blog-server-demo\data created by the 'wiredTiger' storage engine, so setting the active storage engine to 'wiredTiger'.
2017-07-06T14:34:48.207+0800 I STORAGE  [initandlisten] wiredtiger_open config: create,cache_size=3555M,session_max=20000,eviction=(threads_min=4,threads_max=4),config_base=false,statistics=(fast),log=(enabled=true,archive=true,path=journal,compressor=snappy),file_manager=(close_idle_time=100000),checkpoint=(wait=60,log_size=2GB),statistics_log=(wait=0),
2017-07-06T14:34:48.214+0800 E STORAGE  [initandlisten] WiredTiger error (0) [1499322888:214083][6312:1994535808], file:WiredTiger.wt, connection: WiredTiger.turtle: encountered an illegal file format or internal value
2017-07-06T14:34:48.214+0800 E STORAGE  [initandlisten] WiredTiger error (-31804) [1499322888:214083][6312:1994535808], file:WiredTiger.wt, connection: the process must exit and restart: WT_PANIC: WiredTiger library panic
2017-07-06T14:34:48.214+0800 I -        [initandlisten] Fatal Assertion 28558 at src\mongo\db\storage\wiredtiger\wiredtiger_util.cpp 361
2017-07-06T14:34:48.215+0800 I -        [initandlisten] 

***aborting after fassert() failure


2017-07-06T14:34:48.300+0800 I CONTROL  [initandlisten] mongod.exe    ...\src\mongo\util\stacktrace_windows.cpp(239)                     mongo::printStackTrace+0x43
2017-07-06T14:34:48.300+0800 I CONTROL  [initandlisten] mongod.exe    ...\src\mongo\util\signal_handlers_synchronous.cpp(180)            mongo::`anonymous namespace'::printSignalAndBacktrace+0x74
2017-07-06T14:34:48.300+0800 I CONTROL  [initandlisten] mongod.exe    ...\src\mongo\util\signal_handlers_synchronous.cpp(236)            mongo::`anonymous namespace'::abruptQuit+0x85
2017-07-06T14:34:48.300+0800 I CONTROL  [initandlisten] ucrtbase.DLL                                                                     raise+0x1e8
2017-07-06T14:34:48.300+0800 I CONTROL  [initandlisten] ucrtbase.DLL                                                                     abort+0x31
2017-07-06T14:34:48.300+0800 I CONTROL  [initandlisten] mongod.exe    ...\src\mongo\util\assert_util.cpp(172)                            mongo::fassertFailedWithLocation+0x181
2017-07-06T14:34:48.300+0800 I CONTROL  [initandlisten] mongod.exe    ...\src\mongo\db\storage\wiredtiger\wiredtiger_util.cpp(361)       mongo::`anonymous namespace'::mdb_handle_error+0x205
2017-07-06T14:34:48.300+0800 I CONTROL  [initandlisten] mongod.exe    ...\src\third_party\wiredtiger\src\support\err.c(275)              __wt_eventv+0x376
2017-07-06T14:34:48.300+0800 I CONTROL  [initandlisten] mongod.exe    ...\src\third_party\wiredtiger\src\support\err.c(317)              __wt_err+0x32
2017-07-06T14:34:48.300+0800 I CONTROL  [initandlisten] mongod.exe    ...\src\third_party\wiredtiger\src\support\err.c(530)              __wt_illegal_value+0x5e
2017-07-06T14:34:48.300+0800 I CONTROL  [initandlisten] mongod.exe    ...\src\third_party\wiredtiger\src\meta\meta_turtle.c(288)         __wt_turtle_read+0x2ab
2017-07-06T14:34:48.300+0800 I CONTROL  [initandlisten] mongod.exe    ...\src\third_party\wiredtiger\src\meta\meta_table.c(269)          __wt_metadata_search+0x28e
2017-07-06T14:34:48.300+0800 I CONTROL  [initandlisten] mongod.exe    ...\src\third_party\wiredtiger\src\conn\conn_dhandle.c(269)        __conn_btree_config_set+0x22
2017-07-06T14:34:48.300+0800 I CONTROL  [initandlisten] mongod.exe    ...\src\third_party\wiredtiger\src\conn\conn_dhandle.c(337)        __wt_conn_btree_open+0x5c
2017-07-06T14:34:48.300+0800 I CONTROL  [initandlisten] mongod.exe    ...\src\third_party\wiredtiger\src\session\session_dhandle.c(541)  __wt_session_get_btree+0x113
2017-07-06T14:34:48.300+0800 I CONTROL  [initandlisten] mongod.exe    ...\src\third_party\wiredtiger\src\session\session_dhandle.c(533)  __wt_session_get_btree+0x1d5
2017-07-06T14:34:48.301+0800 I CONTROL  [initandlisten] mongod.exe    ...\src\third_party\wiredtiger\src\session\session_dhandle.c(346)  __wt_session_get_btree_ckpt+0xc4
2017-07-06T14:34:48.301+0800 I CONTROL  [initandlisten] mongod.exe    ...\src\third_party\wiredtiger\src\cursor\cur_file.c(567)          __wt_curfile_open+0x1dd
2017-07-06T14:34:48.301+0800 I CONTROL  [initandlisten] mongod.exe    ...\src\third_party\wiredtiger\src\session\session_api.c(388)      __session_open_cursor_int+0x2f7
2017-07-06T14:34:48.301+0800 I CONTROL  [initandlisten] mongod.exe    ...\src\third_party\wiredtiger\src\session\session_api.c(443)      __wt_open_cursor+0x1b
2017-07-06T14:34:48.301+0800 I CONTROL  [initandlisten] mongod.exe    ...\src\third_party\wiredtiger\src\meta\meta_table.c(91)           __wt_metadata_cursor+0x99
2017-07-06T14:34:48.301+0800 I CONTROL  [initandlisten] mongod.exe    ...\src\third_party\wiredtiger\src\conn\conn_api.c(2454)           wiredtiger_open+0xb09
2017-07-06T14:34:48.301+0800 I CONTROL  [initandlisten] mongod.exe    ...\src\mongo\db\storage\wiredtiger\wiredtiger_kv_engine.cpp(265)  mongo::WiredTigerKVEngine::WiredTigerKVEngine+0x912
2017-07-06T14:34:48.301+0800 I CONTROL  [initandlisten] mongod.exe    ...\src\mongo\db\storage\wiredtiger\wiredtiger_init.cpp(91)        mongo::`anonymous namespace'::WiredTigerFactory::create+0x12f
2017-07-06T14:34:48.301+0800 I CONTROL  [initandlisten] mongod.exe    ...\src\mongo\db\service_context_d.cpp(202)                        mongo::ServiceContextMongoD::initializeGlobalStorageEngine+0x59c
2017-07-06T14:34:48.301+0800 I CONTROL  [initandlisten] mongod.exe    ...\src\mongo\db\db.cpp(599)                                       mongo::`anonymous namespace'::_initAndListen+0x77b
2017-07-06T14:34:48.301+0800 I CONTROL  [initandlisten] mongod.exe    ...\src\mongo\db\db.cpp(841)                                       mongo::`anonymous namespace'::initAndListen+0x27
2017-07-06T14:34:48.301+0800 I CONTROL  [initandlisten] mongod.exe    ...\src\mongo\db\db.cpp(1191)                                      mongoDbMain+0x227
2017-07-06T14:34:48.301+0800 I CONTROL  [initandlisten] mongod.exe    ...\src\mongo\db\db.cpp(879)                                       wmain+0x35
2017-07-06T14:34:48.301+0800 I CONTROL  [initandlisten] mongod.exe    f:\dd\vctools\crt\vcstartup\src\startup\exe_common.inl(253)        __scrt_common_main_seh+0x11d
2017-07-06T14:34:48.301+0800 I CONTROL  [initandlisten] kernel32.dll                                                                     BaseThreadInitThunk+0xd
2017-07-06T14:34:48.301+0800 F -        [initandlisten] Got signal: 22 (SIGABRT).
2017-07-06T14:34:48.301+0800 I CONTROL  [initandlisten] *** unhandled exception 0x0000000E at 0x000007FEFD1BA06D, terminating
2017-07-06T14:34:48.301+0800 I CONTROL  [initandlisten] *** stack trace for unhandled exception:
2017-07-06T14:34:48.310+0800 I CONTROL  [initandlisten] KERNELBASE.dll                                                                     RaiseException+0x3d
2017-07-06T14:34:48.310+0800 I CONTROL  [initandlisten] mongod.exe      ...\src\mongo\util\signal_handlers_synchronous.cpp(237)            mongo::`anonymous namespace'::abruptQuit+0x9d
2017-07-06T14:34:48.310+0800 I CONTROL  [initandlisten] ucrtbase.DLL                                                                       raise+0x1e8
2017-07-06T14:34:48.311+0800 I CONTROL  [initandlisten] ucrtbase.DLL                                                                       abort+0x31
2017-07-06T14:34:48.311+0800 I CONTROL  [initandlisten] mongod.exe      ...\src\mongo\util\assert_util.cpp(172)                            mongo::fassertFailedWithLocation+0x181
2017-07-06T14:34:48.311+0800 I CONTROL  [initandlisten] mongod.exe      ...\src\mongo\db\storage\wiredtiger\wiredtiger_util.cpp(361)       mongo::`anonymous namespace'::mdb_handle_error+0x205
2017-07-06T14:34:48.311+0800 I CONTROL  [initandlisten] mongod.exe      ...\src\third_party\wiredtiger\src\support\err.c(275)              __wt_eventv+0x376
2017-07-06T14:34:48.311+0800 I CONTROL  [initandlisten] mongod.exe      ...\src\third_party\wiredtiger\src\support\err.c(317)              __wt_err+0x32
2017-07-06T14:34:48.311+0800 I CONTROL  [initandlisten] mongod.exe      ...\src\third_party\wiredtiger\src\support\err.c(530)              __wt_illegal_value+0x5e
2017-07-06T14:34:48.311+0800 I CONTROL  [initandlisten] mongod.exe      ...\src\third_party\wiredtiger\src\meta\meta_turtle.c(288)         __wt_turtle_read+0x2ab
2017-07-06T14:34:48.311+0800 I CONTROL  [initandlisten] mongod.exe      ...\src\third_party\wiredtiger\src\meta\meta_table.c(269)          __wt_metadata_search+0x28e
2017-07-06T14:34:48.311+0800 I CONTROL  [initandlisten] mongod.exe      ...\src\third_party\wiredtiger\src\conn\conn_dhandle.c(269)        __conn_btree_config_set+0x22
2017-07-06T14:34:48.311+0800 I CONTROL  [initandlisten] mongod.exe      ...\src\third_party\wiredtiger\src\conn\conn_dhandle.c(337)        __wt_conn_btree_open+0x5c
2017-07-06T14:34:48.311+0800 I CONTROL  [initandlisten] mongod.exe      ...\src\third_party\wiredtiger\src\session\session_dhandle.c(541)  __wt_session_get_btree+0x113
2017-07-06T14:34:48.311+0800 I CONTROL  [initandlisten] mongod.exe      ...\src\third_party\wiredtiger\src\session\session_dhandle.c(533)  __wt_session_get_btree+0x1d5
2017-07-06T14:34:48.311+0800 I CONTROL  [initandlisten] mongod.exe      ...\src\third_party\wiredtiger\src\session\session_dhandle.c(346)  __wt_session_get_btree_ckpt+0xc4
2017-07-06T14:34:48.311+0800 I CONTROL  [initandlisten] mongod.exe      ...\src\third_party\wiredtiger\src\cursor\cur_file.c(567)          __wt_curfile_open+0x1dd
2017-07-06T14:34:48.311+0800 I CONTROL  [initandlisten] mongod.exe      ...\src\third_party\wiredtiger\src\session\session_api.c(388)      __session_open_cursor_int+0x2f7
2017-07-06T14:34:48.311+0800 I CONTROL  [initandlisten] mongod.exe      ...\src\third_party\wiredtiger\src\session\session_api.c(443)      __wt_open_cursor+0x1b
2017-07-06T14:34:48.311+0800 I CONTROL  [initandlisten] mongod.exe      ...\src\third_party\wiredtiger\src\meta\meta_table.c(91)           __wt_metadata_cursor+0x99
2017-07-06T14:34:48.311+0800 I CONTROL  [initandlisten] mongod.exe      ...\src\third_party\wiredtiger\src\conn\conn_api.c(2454)           wiredtiger_open+0xb09
2017-07-06T14:34:48.311+0800 I CONTROL  [initandlisten] mongod.exe      ...\src\mongo\db\storage\wiredtiger\wiredtiger_kv_engine.cpp(265)  mongo::WiredTigerKVEngine::WiredTigerKVEngine+0x912
2017-07-06T14:34:48.311+0800 I CONTROL  [initandlisten] mongod.exe      ...\src\mongo\db\storage\wiredtiger\wiredtiger_init.cpp(91)        mongo::`anonymous namespace'::WiredTigerFactory::create+0x12f
2017-07-06T14:34:48.311+0800 I CONTROL  [initandlisten] mongod.exe      ...\src\mongo\db\service_context_d.cpp(202)                        mongo::ServiceContextMongoD::initializeGlobalStorageEngine+0x59c
2017-07-06T14:34:48.311+0800 I CONTROL  [initandlisten] mongod.exe      ...\src\mongo\db\db.cpp(599)                                       mongo::`anonymous namespace'::_initAndListen+0x77b
2017-07-06T14:34:48.311+0800 I CONTROL  [initandlisten] mongod.exe      ...\src\mongo\db\db.cpp(841)                                       mongo::`anonymous namespace'::initAndListen+0x27
2017-07-06T14:34:48.311+0800 I CONTROL  [initandlisten] mongod.exe      ...\src\mongo\db\db.cpp(1191)                                      mongoDbMain+0x227
2017-07-06T14:34:48.311+0800 I CONTROL  [initandlisten] mongod.exe      ...\src\mongo\db\db.cpp(879)                                       wmain+0x35
2017-07-06T14:34:48.311+0800 I CONTROL  [initandlisten] mongod.exe      f:\dd\vctools\crt\vcstartup\src\startup\exe_common.inl(253)        __scrt_common_main_seh+0x11d
2017-07-06T14:34:48.311+0800 I CONTROL  [initandlisten] kernel32.dll                                                                       BaseThreadInitThunk+0xd
2017-07-06T14:34:48.311+0800 I -        [initandlisten] 
2017-07-06T14:34:48.312+0800 I CONTROL  [initandlisten] writing minidump diagnostic file E:\front_end_download\mongodb\bin\mongod.2017-07-06T06-34-48.mdmp
2017-07-06T14:34:48.360+0800 I CONTROL  [initandlisten] *** immediate exit due to unhandled exception
